[www.thiepcuoionline.store/index.html]
[backblue.gif]
[fade.gif]
[index.html]
[w.ladicdn.com_443/649952cebea082001197be12/screenshot-2024-11-05-173226-20241105105829-3qcuc.png]
[w.ladicdn.com/v4/source/ladipagev3.min5a13.js]
[w.ladicdn.com/s768x733/649952cebea082001197be12/screenshot-2024-11-05-172847-20241105102856-hskzx.png]
[w.ladicdn.com/649952cebea082001197be12/giphy-20200827090502-1-20230613022201-a_wx8-20240516093253-gmmtt-20241106033900-w3-l_.gif]
[w.ladicdn.com/s450x450/649952cebea082001197be12/image-removebg-preview-7-20241105045045-mbx4v.png]
[w.ladicdn.com/s500x600/649952cebea082001197be12/screenshot-2024-11-05-173039-20241105103048-yuabb.png]
[w.ladicdn.com/s500x600/649952cebea082001197be12/screenshot-2024-11-05-173118-20241105103127-tppgr.png]
[w.ladicdn.com/s750x950/649952cebea082001197be12/screenshot-2024-11-05-173214-20241105104520-lw1x7.png]
[w.ladicdn.com/s550x650/649952cebea082001197be12/screenshot-2024-11-05-173413-20241105103424-epvyb.png]
[w.ladicdn.com/s550x650/649952cebea082001197be12/screenshot-2024-11-05-174243-20241105104258-wncv3.png]
[w.ladicdn.com/s550x650/649952cebea082001197be12/screenshot-2024-11-05-174333-20241105104340-kpmhd.png]
[w.ladicdn.com/s550x650/649952cebea082001197be12/screenshot-2024-11-05-173214-20241105104520-lw1x7.png]
[w.ladicdn.com/s550x650/649952cebea082001197be12/screenshot-2024-11-05-173226-20241105104539-ugguw.png]
[w.ladicdn.com/s550x450/649952cebea082001197be12/screenshot-2024-11-05-174358-20241105104424-b-3da.png]
[w.ladicdn.com/s550x500/649952cebea082001197be12/screenshot-2024-11-05-174411-20241105104449-vdodc.png]
[w.ladicdn.com/s550x650/649952cebea082001197be12/screenshot-2024-11-05-172847-20241105104529--d0c4.png]
[w.ladicdn.com/s550x650/649952cebea082001197be12/screenshot-2024-11-05-174604-20241105104611-vjqru.png]
[w.ladicdn.com/s450x500/649952cebea082001197be12/screenshot-2024-11-05-173214-20241105103339-3itut.png]
[w.ladicdn.com/s450x500/649952cebea082001197be12/screenshot-2024-11-05-173413-20241105103424-epvyb.png]
[w.ladicdn.com/s500x550/649952cebea082001197be12/screenshot-2024-11-05-173317-20241105103327-62_p2.png]
[w.ladicdn.com/s400x400/649952cebea082001197be12/image-removebg-preview-7-20241105045045-mbx4v.png]
[www.thiepcuoionline.store/index.html]
[w.ladicdn.com/s420x607/649952cebea082001197be12/screenshot-2024-11-05-173214-20241106032639-axi6u.png]
